
tar: Removing leading `/' from member names
tar: Removing leading `/' from hard link targets
tar: Removing leading `/' from member names
tar: Removing leading `/' from hard link targets
tar: Removing leading `/' from member names
tar: Removing leading `/' from hard link targets
tar: Removing leading `/' from member names
tar: Removing leading `/' from hard link targets
tar: Removing leading `/' from member names
tar: Removing leading `/' from hard link targets
tar: Removing leading `/' from member names
tar: Removing leading `/' from hard link targets
tar: Removing leading `/' from member names
tar: Removing leading `/' from hard link targets
tar: Removing leading `/' from member names
tar: Removing leading `/' from hard link targets
tr: warning: an unescaped backslash at end of string is not portable
tar: Removing leading `/' from member names
tar: Removing leading `/' from hard link targets
tr: warning: an unescaped backslash at end of string is not portable
tar: Removing leading `/' from member names
tar: Removing leading `/' from hard link targets
tr: warning: an unescaped backslash at end of string is not portable
tar: Removing leading `/' from member names
tar: Removing leading `/' from hard link targets
tar: Removing leading `/' from member names
tar: Removing leading `/' from hard link targets
tr: warning: an unescaped backslash at end of string is not portable
tar: Removing leading `/' from member names
tar: Removing leading `/' from hard link targets
tr: warning: an unescaped backslash at end of string is not portable
tar: Removing leading `/' from member names
tar: Removing leading `/' from hard link targets
tr: warning: an unescaped backslash at end of string is not portable
tar: Removing leading `/' from member names
tar: Removing leading `/' from hard link targets
tr: warning: an unescaped backslash at end of string is not portable
tr: warning: an unescaped backslash at end of string is not portable
tar: Removing leading `/' from member names
tar: Removing leading `/' from hard link targets
tr: warning: an unescaped backslash at end of string is not portable
tar: Removing leading `/' from member names
tar: /home/fenya/Downloads/man_tar.pdf: Cannot stat: No such file or directory
tar: Exiting with failure status due to previous errors
tr: warning: an unescaped backslash at end of string is not portable
tar: Removing leading `/' from member names
tar: Removing leading `/' from hard link targets
tr: warning: an unescaped backslash at end of string is not portable
tr: warning: an unescaped backslash at end of string is not portable
tar: Removing leading `/' from member names
tar: /home/fenya/Downloads/man_tar.pdf: Cannot stat: No such file or directory
tar: Exiting with failure status due to previous errors
tr: warning: an unescaped backslash at end of string is not portable
tar: Removing leading `/' from member names
tar: Removing leading `/' from hard link targets
tr: warning: an unescaped backslash at end of string is not portable
tar: Removing leading `/' from member names
tar: Removing leading `/' from hard link targets
tr: warning: an unescaped backslash at end of string is not portable
tar: Removing leading `/' from member names
tar: Removing leading `/' from hard link targets
tr: warning: an unescaped backslash at end of string is not portable
tar: Removing leading `/' from member names
tar: Removing leading `/' from hard link targets
tr: warning: an unescaped backslash at end of string is not portable
tar: Removing leading `/' from member names
tar: Removing leading `/' from hard link targets
tr: warning: an unescaped backslash at end of string is not portable
tar: Removing leading `/' from member names
tar: Removing leading `/' from hard link targets
tr: warning: an unescaped backslash at end of string is not portable
tar: Removing leading `/' from member names
tar: Removing leading `/' from hard link targets
tr: warning: an unescaped backslash at end of string is not portable
tar: Removing leading `/' from member names
tar: Removing leading `/' from hard link targets
tr: warning: an unescaped backslash at end of string is not portable
tar: Removing leading `/' from member names
tar: Removing leading `/' from hard link targets
tr: warning: an unescaped backslash at end of string is not portable
tr: warning: an unescaped backslash at end of string is not portable
tar: Removing leading `/' from member names
tar: Removing leading `/' from hard link targets
tr: warning: an unescaped backslash at end of string is not portable
tr: warning: an unescaped backslash at end of string is not portable
tar: Removing leading `/' from member names
tr: warning: an unescaped backslash at end of string is not portable
tar: Removing leading `/' from member names
tr: warning: an unescaped backslash at end of string is not portable
tr: warning: an unescaped backslash at end of string is not portable
tar: Removing leading `/' from member names
tr: warning: an unescaped backslash at end of string is not portable
tar: Removing leading `/' from member names
tar: Removing leading `/' from hard link targets
tr: warning: an unescaped backslash at end of string is not portable
tar: Removing leading `/' from member names
tar: Removing leading `/' from hard link targets
tr: warning: an unescaped backslash at end of string is not portable
tar: Removing leading `/' from member names
tar: Removing leading `/' from hard link targets
tr: warning: an unescaped backslash at end of string is not portable
tar: Removing leading `/' from member names
tar: Removing leading `/' from hard link targets
tr: warning: an unescaped backslash at end of string is not portable
tar: Removing leading `/' from member names
tar: Removing leading `/' from hard link targets
tr: warning: an unescaped backslash at end of string is not portable
tar: Removing leading `/' from member names
tar: Removing leading `/' from hard link targets
tr: warning: an unescaped backslash at end of string is not portable
tar: Removing leading `/' from member names
tar: Removing leading `/' from hard link targets
tr: warning: an unescaped backslash at end of string is not portable
tar: Removing leading `/' from member names
tar: Removing leading `/' from hard link targets
tr: warning: an unescaped backslash at end of string is not portable
tar: Removing leading `/' from member names
tar: Removing leading `/' from hard link targets
tr: warning: an unescaped backslash at end of string is not portable
tar: Removing leading `/' from member names
tar: Removing leading `/' from hard link targets
tr: warning: an unescaped backslash at end of string is not portable
tar: Removing leading `/' from member names
tar: Removing leading `/' from hard link targets
tr: warning: an unescaped backslash at end of string is not portable
tar: Removing leading `/' from member names
tar: Removing leading `/' from hard link targets
tr: warning: an unescaped backslash at end of string is not portable
tar: Removing leading `/' from member names
tar: Removing leading `/' from hard link targets
tr: warning: an unescaped backslash at end of string is not portable
tar: Removing leading `/' from member names
tar: Removing leading `/' from hard link targets
tr: warning: an unescaped backslash at end of string is not portable
tar: Removing leading `/' from member names
tar: Removing leading `/' from hard link targets
tr: warning: an unescaped backslash at end of string is not portable
tar: Removing leading `/' from member names
tar: Removing leading `/' from hard link targets
tr: warning: an unescaped backslash at end of string is not portable
tar: Removing leading `/' from member names
tar: Removing leading `/' from hard link targets
tr: warning: an unescaped backslash at end of string is not portable
tar: Removing leading `/' from member names
tar: Removing leading `/' from hard link targets
tr: warning: an unescaped backslash at end of string is not portable
tar: Removing leading `/' from member names
tar: Removing leading `/' from hard link targets
tr: warning: an unescaped backslash at end of string is not portable
tar: Removing leading `/' from member names
tar: Removing leading `/' from hard link targets
tr: warning: an unescaped backslash at end of string is not portable
tar: Removing leading `/' from member names
tar: Removing leading `/' from hard link targets
tr: warning: an unescaped backslash at end of string is not portable
tar: Removing leading `/' from member names
tar: Removing leading `/' from hard link targets
tr: warning: an unescaped backslash at end of string is not portable
tar: Removing leading `/' from member names
tar: Removing leading `/' from hard link targets
tr: warning: an unescaped backslash at end of string is not portable
tar: Removing leading `/' from member names
tar: Removing leading `/' from hard link targets
tr: warning: an unescaped backslash at end of string is not portable
tar: Removing leading `/' from member names
tar: Removing leading `/' from hard link targets
tr: warning: an unescaped backslash at end of string is not portable
tar: Removing leading `/' from member names
tar: Removing leading `/' from hard link targets
tr: warning: an unescaped backslash at end of string is not portable
tar: Removing leading `/' from member names
tar: Removing leading `/' from hard link targets
tr: warning: an unescaped backslash at end of string is not portable
tar: Removing leading `/' from member names
tar: Removing leading `/' from hard link targets
tr: warning: an unescaped backslash at end of string is not portable
tar: Removing leading `/' from member names
tar: Removing leading `/' from hard link targets
tr: warning: an unescaped backslash at end of string is not portable
tar: Removing leading `/' from member names
tar: Removing leading `/' from hard link targets
tr: warning: an unescaped backslash at end of string is not portable
tar: Removing leading `/' from member names
tar: Removing leading `/' from hard link targets
tr: warning: an unescaped backslash at end of string is not portable
tar: Removing leading `/' from member names
tar: Removing leading `/' from hard link targets
tr: warning: an unescaped backslash at end of string is not portable
tar: Removing leading `/' from member names
tar: Removing leading `/' from hard link targets
tr: warning: an unescaped backslash at end of string is not portable
tar: Removing leading `/' from member names
tar: Removing leading `/' from hard link targets
tr: warning: an unescaped backslash at end of string is not portable
tar: Removing leading `/' from member names
tar: Removing leading `/' from hard link targets
tr: warning: an unescaped backslash at end of string is not portable
tar: Removing leading `/' from member names
tar: Removing leading `/' from hard link targets
tr: warning: an unescaped backslash at end of string is not portable
tar: Removing leading `/' from member names
tar: Removing leading `/' from hard link targets
tr: warning: an unescaped backslash at end of string is not portable
tar: Removing leading `/' from member names
tar: Removing leading `/' from hard link targets
tr: warning: an unescaped backslash at end of string is not portable
tar: Removing leading `/' from member names
tar: Removing leading `/' from hard link targets
tr: warning: an unescaped backslash at end of string is not portable
tar: Removing leading `/' from member names
tar: Removing leading `/' from hard link targets
tr: warning: an unescaped backslash at end of string is not portable
tar: Removing leading `/' from member names
tar: Removing leading `/' from hard link targets
tr: warning: an unescaped backslash at end of string is not portable
tr: warning: an unescaped backslash at end of string is not portable
tar: Removing leading `/' from member names
tar: Removing leading `/' from hard link targets
tr: warning: an unescaped backslash at end of string is not portable
tr: warning: an unescaped backslash at end of string is not portable
tar: Removing leading `/' from member names
tar: Removing leading `/' from hard link targets
tr: warning: an unescaped backslash at end of string is not portable
tar: Removing leading `/' from member names
tar: Removing leading `/' from hard link targets
tr: warning: an unescaped backslash at end of string is not portable
tar: Removing leading `/' from member names
tar: Removing leading `/' from hard link targets
tr: warning: an unescaped backslash at end of string is not portable
tar: Removing leading `/' from member names
tar: Removing leading `/' from hard link targets
tr: warning: an unescaped backslash at end of string is not portable
tr: warning: an unescaped backslash at end of string is not portable
tar: Removing leading `/' from member names
tar: Removing leading `/' from hard link targets
tr: warning: an unescaped backslash at end of string is not portable
tr: warning: an unescaped backslash at end of string is not portable
tar: Removing leading `/' from member names
tar: Removing leading `/' from hard link targets
tr: warning: an unescaped backslash at end of string is not portable
tar: Removing leading `/' from member names
tar: Removing leading `/' from hard link targets
tr: warning: an unescaped backslash at end of string is not portable
tar: Removing leading `/' from member names
tar: Removing leading `/' from hard link targets
tr: warning: an unescaped backslash at end of string is not portable
tar: Removing leading `/' from member names
tar: Removing leading `/' from hard link targets
tr: warning: an unescaped backslash at end of string is not portable
tr: warning: an unescaped backslash at end of string is not portable
tar: Removing leading `/' from member names
tar: Removing leading `/' from hard link targets
tr: warning: an unescaped backslash at end of string is not portable
tr: warning: an unescaped backslash at end of string is not portable
tr: warning: an unescaped backslash at end of string is not portable
tr: warning: an unescaped backslash at end of string is not portable
tr: warning: an unescaped backslash at end of string is not portable
tar: Removing leading `/' from member names
tar: Removing leading `/' from hard link targets
tr: warning: an unescaped backslash at end of string is not portable
tar: Removing leading `/' from member names
tar: Removing leading `/' from hard link targets
tr: warning: an unescaped backslash at end of string is not portable
tar: Removing leading `/' from member names
tar: Removing leading `/' from hard link targets
tr: warning: an unescaped backslash at end of string is not portable
tr: warning: an unescaped backslash at end of string is not portable
tar: Removing leading `/' from member names
tar: Removing leading `/' from hard link targets
tr: warning: an unescaped backslash at end of string is not portable
tr: warning: an unescaped backslash at end of string is not portable
tar: Removing leading `/' from member names
tar: Removing leading `/' from hard link targets
tr: warning: an unescaped backslash at end of string is not portable
tr: warning: an unescaped backslash at end of string is not portable
tar: Removing leading `/' from member names
tar: Removing leading `/' from hard link targets
tr: warning: an unescaped backslash at end of string is not portable
